[2025-03-31 22:45:16] ERROR [user-service] Сбой аутентификации
[2025-03-31 22:45:18] WARNING [auth-service] Повторная попытка операции
[2025-03-31 22:45:20] INFO [auth-service] Пользователь вошел в систему
[2025-03-31 22:45:22] INFO [auth-service] Операция выполнена успешно
[2025-03-31 22:45:24] WARNING [payment-service] Медленный ответ от БД
[2025-03-31 22:45:26] ERROR [user-service] Ошибка соединения с БД
[2025-03-31 22:45:28] WARNING [auth-service] Ресурс близок к исчерпанию
[2025-03-31 22:45:30] INFO [payment-service] Операция выполнена успешно
[2025-03-31 22:45:32] WARNING [payment-service] Ресурс близок к исчерпанию
[2025-03-31 22:45:34] WARNING [payment-service] Ресурс близок к исчерпанию
[2025-03-31 22:45:36] INFO [user-service] Операция выполнена успешно
[2025-03-31 22:45:38] ERROR [payment-service] Ошибка соединения с БД
[2025-03-31 22:45:40] WARNING [auth-service] Медленный ответ от БД
[2025-03-31 22:45:42] ERROR [payment-service] Недостаточно прав доступа
[2025-03-31 22:45:44] INFO [payment-service] Пользователь вошел в систему
[2025-03-31 22:45:46] ERROR [payment-service] Сбой аутентификации
[2025-03-31 22:45:48] ERROR [payment-service] Ошибка соединения с БД
[2025-03-31 22:45:50] ERROR [user-service] Ошибка соединения с БД
[2025-03-31 22:45:52] INFO [auth-service] Пользователь вошел в систему
[2025-03-31 22:45:54] INFO [auth-service] Операция выполнена успешно
[2025-03-31 22:45:56] ERROR [payment-service] Сбой аутентификации
[2025-03-31 22:45:58] ERROR [user-service] Сбой аутентификации
[2025-03-31 22:46:00] WARNING [payment-service] Медленный ответ от БД
[2025-03-31 22:46:02] ERROR [user-service] Сбой аутентификации
[2025-03-31 22:46:04] ERROR [payment-service] Недостаточно прав доступа
[2025-03-31 22:46:06] ERROR [user-service] Ошибка соединения с БД
[2025-03-31 22:46:08] WARNING [payment-service] Повторная попытка операции
[2025-03-31 22:46:10] INFO [auth-service] Пользователь вошел в систему
[2025-03-31 22:46:12] WARNING [auth-service] Повторная попытка операции
[2025-03-31 22:46:14] WARNING [auth-service] Медленный ответ от БД
[2025-03-31 22:46:16] WARNING [auth-service] Медленный ответ от БД
[2025-03-31 22:46:18] WARNING [auth-service] Ресурс близок к исчерпанию
[2025-03-31 22:46:20] ERROR [auth-service] Ошибка соединения с БД
[2025-03-31 22:46:22] ERROR [user-service] Сбой аутентификации
[2025-03-31 22:46:24] INFO [payment-service] Операция выполнена успешно
[2025-03-31 22:46:26] WARNING [user-service] Повторная попытка операции
[2025-03-31 22:46:28] WARNING [auth-service] Повторная попытка операции
[2025-03-31 22:46:30] INFO [user-service] Операция выполнена успешно
[2025-03-31 22:46:32] ERROR [payment-service] Сбой аутентификации
[2025-03-31 22:46:34] INFO [user-service] Операция выполнена успешно
[2025-03-31 22:46:36] WARNING [user-service] Повторная попытка операции
[2025-03-31 22:46:38] INFO [auth-service] Операция выполнена успешно
[2025-03-31 22:46:40] ERROR [auth-service] Ошибка соединения с БД
[2025-03-31 22:46:42] INFO [user-service] Запрос обработан
[2025-03-31 22:46:44] ERROR [auth-service] Недостаточно прав доступа
[2025-03-31 22:46:46] INFO [auth-service] Операция выполнена успешно
[2025-03-31 22:46:48] WARNING [user-service] Повторная попытка операции
[2025-03-31 22:46:50] INFO [payment-service] Операция выполнена успешно
[2025-03-31 22:46:52] ERROR [user-service] Ошибка соединения с БД
[2025-03-31 22:46:54] ERROR [user-service] Сбой аутентификации
[2025-03-31 22:46:56] ERROR [auth-service] Сбой аутентификации
[2025-03-31 22:46:58] ERROR [user-service] Ошибка соединения с БД
[2025-03-31 22:47:00] ERROR [auth-service] Сбой аутентификации
[2025-03-31 22:47:02] WARNING [auth-service] Повторная попытка операции
[2025-03-31 22:47:04] WARNING [payment-service] Медленный ответ от БД
[2025-03-31 22:47:06] INFO [payment-service] Операция выполнена успешно
[2025-03-31 22:47:08] ERROR [auth-service] Недостаточно прав доступа
[2025-03-31 22:47:10] ERROR [user-service] Ошибка соединения с БД
[2025-03-31 22:47:12] WARNING [user-service] Повторная попытка операции
[2025-03-31 22:47:14] WARNING [auth-service] Повторная попытка операции
[2025-03-31 22:47:16] WARNING [payment-service] Повторная попытка операции
[2025-03-31 22:47:18] ERROR [payment-service] Сбой аутентификации
[2025-03-31 22:47:20] INFO [auth-service] Запрос обработан
[2025-03-31 22:47:22] INFO [auth-service] Запрос обработан
[2025-03-31 22:47:24] WARNING [payment-service] Ресурс близок к исчерпанию
[2025-03-31 22:47:26] WARNING [user-service] Медленный ответ от БД
[2025-03-31 22:47:28] INFO [payment-service] Запрос обработан
[2025-03-31 22:47:30] WARNING [user-service] Ресурс близок к исчерпанию
[2025-03-31 22:47:32] ERROR [auth-service] Недостаточно прав доступа
[2025-03-31 22:47:34] ERROR [user-service] Недостаточно прав доступа
[2025-03-31 22:47:36] INFO [payment-service] Запрос обработан
[2025-03-31 22:47:38] WARNING [user-service] Ресурс близок к исчерпанию
[2025-03-31 22:47:40] WARNING [auth-service] Медленный ответ от БД
[2025-03-31 22:47:42] INFO [user-service] Запрос обработан
[2025-03-31 22:47:44] INFO [user-service] Пользователь вошел в систему
[2025-03-31 22:47:46] INFO [user-service] Пользователь вошел в систему
[2025-03-31 22:47:48] INFO [user-service] Запрос обработан
[2025-03-31 22:47:50] ERROR [payment-service] Недостаточно прав доступа
[2025-03-31 22:47:52] INFO [user-service] Операция выполнена успешно
[2025-03-31 22:47:54] INFO [payment-service] Пользователь вошел в систему
[2025-03-31 22:47:56] WARNING [payment-service] Повторная попытка операции
[2025-03-31 22:47:58] ERROR [auth-service] Ошибка соединения с БД
[2025-03-31 22:48:00] WARNING [payment-service] Ресурс близок к исчерпанию
[2025-03-31 22:48:02] ERROR [user-service] Недостаточно прав доступа
[2025-03-31 22:48:04] WARNING [payment-service] Ресурс близок к исчерпанию
[2025-03-31 22:48:06] INFO [user-service] Операция выполнена успешно
[2025-03-31 22:48:08] INFO [user-service] Пользователь вошел в систему
[2025-03-31 22:48:10] INFO [payment-service] Запрос обработан
[2025-03-31 22:48:12] INFO [user-service] Пользователь вошел в систему
[2025-03-31 22:48:14] ERROR [payment-service] Ошибка соединения с БД
[2025-03-31 22:48:16] INFO [payment-service] Операция выполнена успешно
[2025-03-31 22:48:18] INFO [auth-service] Пользователь вошел в систему
[2025-03-31 22:48:20] ERROR [payment-service] Недостаточно прав доступа
[2025-03-31 22:48:22] ERROR [payment-service] Сбой аутентификации
[2025-03-31 22:48:24] INFO [user-service] Операция выполнена успешно
[2025-03-31 22:48:26] ERROR [auth-service] Ошибка соединения с БД
[2025-03-31 22:48:28] WARNING [user-service] Медленный ответ от БД
[2025-03-31 22:48:30] ERROR [auth-service] Недостаточно прав доступа
[2025-03-31 22:48:32] ERROR [payment-service] Ошибка соединения с БД
[2025-03-31 22:48:34] WARNING [auth-service] Медленный ответ от БД
[2025-03-31 22:48:36] WARNING [user-service] Ресурс близок к исчерпанию
[2025-03-31 22:48:38] WARNING [payment-service] Медленный ответ от БД
[2025-03-31 22:48:40] ERROR [payment-service] Ошибка соединения с БД
[2025-03-31 22:48:42] INFO [payment-service] Запрос обработан
[2025-03-31 22:48:44] ERROR [user-service] Ошибка соединения с БД
[2025-03-31 22:48:46] INFO [payment-service] Операция выполнена успешно
[2025-03-31 22:48:48] WARNING [user-service] Ресурс близок к исчерпанию
[2025-03-31 22:48:50] INFO [user-service] Пользователь вошел в систему
[2025-03-31 22:48:52] INFO [payment-service] Операция выполнена успешно
[2025-03-31 22:48:54] INFO [auth-service] Операция выполнена успешно
[2025-03-31 22:48:56] ERROR [user-service] Недостаточно прав доступа
[2025-03-31 22:48:58] WARNING [auth-service] Ресурс близок к исчерпанию
[2025-03-31 22:49:00] ERROR [user-service] Недостаточно прав доступа
[2025-03-31 22:49:02] WARNING [payment-service] Медленный ответ от БД
[2025-03-31 22:49:04] ERROR [auth-service] Недостаточно прав доступа
[2025-03-31 22:49:06] INFO [user-service] Пользователь вошел в систему
[2025-03-31 22:49:08] WARNING [auth-service] Медленный ответ от БД
[2025-03-31 22:49:10] WARNING [payment-service] Ресурс близок к исчерпанию
[2025-03-31 22:49:12] WARNING [auth-service] Медленный ответ от БД
[2025-03-31 22:49:14] WARNING [auth-service] Ресурс близок к исчерпанию
[2025-03-31 22:49:16] ERROR [auth-service] Недостаточно прав доступа
[2025-03-31 22:49:18] ERROR [user-service] Недостаточно прав доступа
[2025-03-31 22:49:20] WARNING [auth-service] Медленный ответ от БД
[2025-03-31 22:49:22] INFO [payment-service] Запрос обработан
[2025-03-31 22:49:24] WARNING [payment-service] Ресурс близок к исчерпанию
[2025-03-31 22:49:26] WARNING [user-service] Повторная попытка операции
[2025-03-31 22:49:28] INFO [auth-service] Операция выполнена успешно
[2025-03-31 22:49:30] ERROR [payment-service] Сбой аутентификации
[2025-03-31 22:49:32] ERROR [auth-service] Ошибка соединения с БД
[2025-03-31 22:49:34] ERROR [payment-service] Сбой аутентификации
[2025-03-31 22:49:36] INFO [auth-service] Пользователь вошел в систему
[2025-03-31 22:49:38] WARNING [auth-service] Повторная попытка операции
[2025-03-31 22:49:40] WARNING [user-service] Медленный ответ от БД
[2025-03-31 22:49:42] ERROR [payment-service] Ошибка соединения с БД
[2025-03-31 22:49:44] INFO [user-service] Пользователь вошел в систему
[2025-03-31 22:49:46] INFO [auth-service] Операция выполнена успешно
[2025-03-31 22:49:48] ERROR [auth-service] Недостаточно прав доступа
[2025-03-31 22:49:50] ERROR [payment-service] Недостаточно прав доступа
[2025-03-31 22:49:52] ERROR [user-service] Сбой аутентификации
[2025-03-31 22:49:54] ERROR [auth-service] Ошибка соединения с БД
[2025-03-31 22:49:56] WARNING [auth-service] Повторная попытка операции
[2025-03-31 22:49:58] WARNING [user-service] Медленный ответ от БД
[2025-03-31 22:50:00] ERROR [auth-service] Сбой аутентификации
[2025-03-31 22:50:02] WARNING [user-service] Повторная попытка операции
[2025-03-31 22:50:04] INFO [payment-service] Операция выполнена успешно
[2025-03-31 22:50:06] ERROR [payment-service] Недостаточно прав доступа
[2025-03-31 22:50:08] ERROR [auth-service] Сбой аутентификации
[2025-03-31 22:50:10] ERROR [user-service] Ошибка соединения с БД
[2025-03-31 22:50:12] WARNING [user-service] Повторная попытка операции
[2025-03-31 22:50:14] WARNING [user-service] Медленный ответ от БД
[2025-03-31 22:50:16] INFO [payment-service] Операция выполнена успешно
[2025-03-31 22:50:18] WARNING [auth-service] Медленный ответ от БД
[2025-03-31 22:50:20] ERROR [payment-service] Сбой аутентификации
[2025-03-31 22:50:22] ERROR [payment-service] Недостаточно прав доступа
[2025-03-31 22:50:24] WARNING [user-service] Повторная попытка операции
[2025-03-31 22:50:26] ERROR [payment-service] Ошибка соединения с БД
[2025-03-31 22:50:28] INFO [auth-service] Пользователь вошел в систему
[2025-03-31 22:50:30] WARNING [auth-service] Ресурс близок к исчерпанию
[2025-03-31 22:50:32] INFO [user-service] Запрос обработан
[2025-03-31 22:50:34] ERROR [user-service] Сбой аутентификации
[2025-03-31 22:50:36] INFO [user-service] Пользователь вошел в систему
[2025-03-31 22:50:38] WARNING [payment-service] Медленный ответ от БД
[2025-03-31 22:50:40] ERROR [user-service] Сбой аутентификации
[2025-03-31 22:50:42] ERROR [payment-service] Недостаточно прав доступа
[2025-03-31 22:50:44] INFO [payment-service] Запрос обработан
[2025-03-31 22:50:46] ERROR [payment-service] Сбой аутентификации
[2025-03-31 22:50:48] ERROR [user-service] Ошибка соединения с БД
[2025-03-31 22:50:50] ERROR [payment-service] Ошибка соединения с БД
[2025-03-31 22:50:52] INFO [user-service] Пользователь вошел в систему
[2025-03-31 22:50:54] INFO [user-service] Пользователь вошел в систему
[2025-03-31 22:50:56] WARNING [payment-service] Ресурс близок к исчерпанию
[2025-03-31 22:50:58] ERROR [user-service] Недостаточно прав доступа
[2025-03-31 22:51:00] INFO [payment-service] Пользователь вошел в систему
[2025-03-31 22:51:02] ERROR [payment-service] Ошибка соединения с БД
[2025-03-31 22:51:04] ERROR [payment-service] Сбой аутентификации
[2025-03-31 22:51:06] ERROR [user-service] Сбой аутентификации
[2025-03-31 22:51:08] INFO [user-service] Пользователь вошел в систему
[2025-03-31 22:51:10] ERROR [user-service] Недостаточно прав доступа
[2025-03-31 22:51:12] INFO [auth-service] Пользователь вошел в систему
[2025-03-31 22:51:14] WARNING [user-service] Медленный ответ от БД
[2025-03-31 22:51:16] INFO [auth-service] Операция выполнена успешно
[2025-03-31 22:51:18] ERROR [auth-service] Сбой аутентификации
[2025-03-31 22:51:20] ERROR [payment-service] Ошибка соединения с БД
[2025-03-31 22:51:22] ERROR [user-service] Сбой аутентификации
[2025-03-31 22:51:24] ERROR [auth-service] Ошибка соединения с БД
[2025-03-31 22:51:26] ERROR [auth-service] Ошибка соединения с БД
[2025-03-31 22:51:28] WARNING [payment-service] Ресурс близок к исчерпанию
[2025-03-31 22:51:30] WARNING [user-service] Повторная попытка операции
[2025-03-31 22:51:32] WARNING [payment-service] Повторная попытка операции
[2025-03-31 22:51:34] WARNING [payment-service] Повторная попытка операции
[2025-03-31 22:51:36] INFO [payment-service] Операция выполнена успешно
[2025-03-31 22:51:38] ERROR [payment-service] Ошибка соединения с БД
[2025-03-31 22:51:40] INFO [user-service] Операция выполнена успешно
[2025-03-31 22:51:42] WARNING [auth-service] Медленный ответ от БД
[2025-03-31 22:51:44] WARNING [payment-service] Ресурс близок к исчерпанию
[2025-03-31 22:51:46] ERROR [auth-service] Недостаточно прав доступа
[2025-03-31 22:51:48] ERROR [auth-service] Недостаточно прав доступа
[2025-03-31 22:51:50] ERROR [auth-service] Сбой аутентификации
[2025-03-31 22:51:52] WARNING [payment-service] Повторная попытка операции
[2025-03-31 22:51:54] INFO [auth-service] Запрос обработан
[2025-03-31 22:51:56] INFO [payment-service] Запрос обработан
[2025-03-31 22:51:58] INFO [user-service] Пользователь вошел в систему
[2025-03-31 22:52:00] INFO [auth-service] Операция выполнена успешно
[2025-03-31 22:52:02] WARNING [auth-service] Повторная попытка операции
[2025-03-31 22:52:04] WARNING [payment-service] Медленный ответ от БД
[2025-03-31 22:52:06] WARNING [payment-service] Повторная попытка операции
[2025-03-31 22:52:08] WARNING [auth-service] Ресурс близок к исчерпанию
[2025-03-31 22:52:10] ERROR [payment-service] Недостаточно прав доступа
[2025-03-31 22:52:12] ERROR [payment-service] Ошибка соединения с БД
[2025-03-31 22:52:14] WARNING [payment-service] Ресурс близок к исчерпанию
[2025-03-31 22:52:16] WARNING [payment-service] Медленный ответ от БД
[2025-03-31 22:52:18] ERROR [auth-service] Сбой аутентификации
[2025-03-31 22:52:20] WARNING [auth-service] Медленный ответ от БД
[2025-03-31 22:52:22] WARNING [auth-service] Повторная попытка операции
[2025-03-31 22:52:24] INFO [payment-service] Запрос обработан
[2025-03-31 22:52:26] ERROR [payment-service] Недостаточно прав доступа
[2025-03-31 22:52:28] WARNING [payment-service] Ресурс близок к исчерпанию
[2025-03-31 22:52:30] INFO [auth-service] Запрос обработан
[2025-03-31 22:52:32] INFO [user-service] Пользователь вошел в систему
[2025-03-31 22:52:34] INFO [payment-service] Пользователь вошел в систему
[2025-03-31 22:52:36] INFO [auth-service] Запрос обработан
[2025-03-31 22:52:38] WARNING [user-service] Повторная попытка операции
[2025-03-31 22:52:40] WARNING [auth-service] Повторная попытка операции
[2025-03-31 22:52:42] ERROR [user-service] Ошибка соединения с БД
[2025-03-31 22:52:44] INFO [auth-service] Операция выполнена успешно
[2025-03-31 22:52:46] INFO [payment-service] Запрос обработан
[2025-03-31 22:52:48] WARNING [payment-service] Повторная попытка операции
[2025-03-31 22:52:50] ERROR [user-service] Ошибка соединения с БД
[2025-03-31 22:52:52] ERROR [auth-service] Сбой аутентификации
[2025-03-31 22:52:54] ERROR [auth-service] Ошибка соединения с БД
[2025-03-31 22:52:56] WARNING [payment-service] Ресурс близок к исчерпанию
[2025-03-31 22:52:58] WARNING [payment-service] Повторная попытка операции
[2025-03-31 22:53:00] INFO [auth-service] Запрос обработан
[2025-03-31 22:53:02] INFO [auth-service] Запрос обработан
[2025-03-31 22:53:04] ERROR [user-service] Недостаточно прав доступа
[2025-03-31 22:53:06] ERROR [payment-service] Сбой аутентификации
[2025-03-31 22:53:08] INFO [auth-service] Пользователь вошел в систему
[2025-03-31 22:53:10] INFO [auth-service] Запрос обработан
[2025-03-31 22:53:12] WARNING [payment-service] Ресурс близок к исчерпанию
[2025-03-31 22:53:14] ERROR [auth-service] Ошибка соединения с БД
[2025-03-31 22:53:16] ERROR [user-service] Ошибка соединения с БД
[2025-03-31 22:53:18] WARNING [auth-service] Ресурс близок к исчерпанию
[2025-03-31 22:53:20] ERROR [auth-service] Недостаточно прав доступа
[2025-03-31 22:53:22] INFO [payment-service] Операция выполнена успешно
[2025-03-31 22:53:24] INFO [auth-service] Запрос обработан
[2025-03-31 22:53:26] ERROR [auth-service] Ошибка соединения с БД
[2025-03-31 22:53:28] WARNING [user-service] Ресурс близок к исчерпанию
[2025-03-31 22:53:30] WARNING [payment-service] Повторная попытка операции
[2025-03-31 22:53:32] WARNING [payment-service] Медленный ответ от БД
[2025-03-31 22:53:34] ERROR [auth-service] Сбой аутентификации
[2025-03-31 22:53:36] WARNING [payment-service] Медленный ответ от БД
[2025-03-31 22:53:38] WARNING [user-service] Медленный ответ от БД
[2025-03-31 22:53:40] INFO [user-service] Пользователь вошел в систему
[2025-03-31 22:53:42] INFO [payment-service] Запрос обработан
[2025-03-31 22:53:44] WARNING [auth-service] Медленный ответ от БД
[2025-03-31 22:53:46] INFO [payment-service] Запрос обработан
[2025-03-31 22:53:48] ERROR [auth-service] Ошибка соединения с БД
[2025-03-31 22:53:50] WARNING [auth-service] Ресурс близок к исчерпанию
[2025-03-31 22:53:52] INFO [payment-service] Операция выполнена успешно
[2025-03-31 22:53:54] INFO [user-service] Пользователь вошел в систему
[2025-03-31 22:53:56] WARNING [user-service] Ресурс близок к исчерпанию
[2025-03-31 22:53:58] INFO [auth-service] Пользователь вошел в систему
[2025-03-31 22:54:00] ERROR [auth-service] Сбой аутентификации
[2025-03-31 22:54:02] INFO [user-service] Запрос обработан
[2025-03-31 22:54:04] ERROR [auth-service] Недостаточно прав доступа
[2025-03-31 22:54:06] INFO [payment-service] Операция выполнена успешно
[2025-03-31 22:54:08] ERROR [payment-service] Сбой аутентификации
[2025-03-31 22:54:10] WARNING [auth-service] Ресурс близок к исчерпанию
[2025-03-31 22:54:12] INFO [auth-service] Запрос обработан
[2025-03-31 22:54:14] WARNING [payment-service] Ресурс близок к исчерпанию
[2025-03-31 22:54:16] WARNING [auth-service] Ресурс близок к исчерпанию
[2025-03-31 22:54:18] ERROR [auth-service] Ошибка соединения с БД
[2025-03-31 22:54:20] ERROR [user-service] Ошибка соединения с БД
[2025-03-31 22:54:22] WARNING [user-service] Ресурс близок к исчерпанию
[2025-03-31 22:54:24] ERROR [auth-service] Сбой аутентификации
[2025-03-31 22:54:26] WARNING [user-service] Медленный ответ от БД
[2025-03-31 22:54:28] INFO [user-service] Пользователь вошел в систему
[2025-03-31 22:54:30] ERROR [user-service] Ошибка соединения с БД
[2025-03-31 22:54:32] WARNING [payment-service] Повторная попытка операции
[2025-03-31 22:54:34] INFO [user-service] Операция выполнена успешно
[2025-03-31 22:54:36] WARNING [payment-service] Ресурс близок к исчерпанию
[2025-03-31 22:54:38] WARNING [user-service] Повторная попытка операции
[2025-03-31 22:54:40] WARNING [user-service] Медленный ответ от БД
[2025-03-31 22:54:42] WARNING [payment-service] Медленный ответ от БД
[2025-03-31 22:54:44] INFO [payment-service] Операция выполнена успешно
[2025-03-31 22:54:46] ERROR [payment-service] Сбой аутентификации
[2025-03-31 22:54:48] INFO [auth-service] Операция выполнена успешно
[2025-03-31 22:54:50] ERROR [payment-service] Ошибка соединения с БД
[2025-03-31 22:54:52] INFO [auth-service] Операция выполнена успешно
[2025-03-31 22:54:54] ERROR [auth-service] Сбой аутентификации
[2025-03-31 22:54:56] ERROR [auth-service] Ошибка соединения с БД
[2025-03-31 22:54:58] INFO [auth-service] Операция выполнена успешно
[2025-03-31 22:55:00] ERROR [auth-service] Сбой аутентификации
[2025-03-31 22:55:02] ERROR [auth-service] Недостаточно прав доступа
[2025-03-31 22:55:04] INFO [user-service] Пользователь вошел в систему
[2025-03-31 22:55:06] ERROR [payment-service] Ошибка соединения с БД
[2025-03-31 22:55:08] WARNING [user-service] Повторная попытка операции
[2025-03-31 22:55:10] WARNING [auth-service] Повторная попытка операции
[2025-03-31 22:55:12] INFO [auth-service] Запрос обработан
[2025-03-31 22:55:14] WARNING [payment-service] Ресурс близок к исчерпанию
[2025-03-31 22:55:16] INFO [payment-service] Пользователь вошел в систему
[2025-03-31 22:55:18] INFO [user-service] Пользователь вошел в систему
[2025-03-31 22:55:20] WARNING [auth-service] Медленный ответ от БД
[2025-03-31 22:55:22] WARNING [auth-service] Повторная попытка операции
[2025-03-31 22:55:24] INFO [payment-service] Операция выполнена успешно
[2025-03-31 22:55:26] INFO [payment-service] Пользователь вошел в систему
[2025-03-31 22:55:28] WARNING [auth-service] Медленный ответ от БД
[2025-03-31 22:55:30] INFO [payment-service] Пользователь вошел в систему
[2025-03-31 22:55:32] WARNING [payment-service] Повторная попытка операции
[2025-03-31 22:55:34] WARNING [auth-service] Ресурс близок к исчерпанию
[2025-03-31 22:55:36] WARNING [user-service] Повторная попытка операции
[2025-03-31 22:55:38] INFO [payment-service] Пользователь вошел в систему
[2025-03-31 22:55:40] WARNING [user-service] Медленный ответ от БД
[2025-03-31 22:55:42] WARNING [user-service] Ресурс близок к исчерпанию
[2025-03-31 22:55:44] WARNING [user-service] Медленный ответ от БД
[2025-03-31 22:55:46] INFO [auth-service] Пользователь вошел в систему
[2025-03-31 22:55:48] INFO [user-service] Пользователь вошел в систему
[2025-03-31 22:55:50] WARNING [user-service] Ресурс близок к исчерпанию
[2025-03-31 22:55:52] INFO [user-service] Запрос обработан
[2025-03-31 22:55:54] WARNING [payment-service] Медленный ответ от БД
[2025-03-31 22:55:56] ERROR [payment-service] Ошибка соединения с БД
[2025-03-31 22:55:58] ERROR [payment-service] Недостаточно прав доступа
[2025-03-31 22:56:00] ERROR [payment-service] Недостаточно прав доступа
[2025-03-31 22:56:02] INFO [auth-service] Запрос обработан
[2025-03-31 22:56:04] WARNING [auth-service] Медленный ответ от БД
[2025-03-31 22:56:06] ERROR [auth-service] Недостаточно прав доступа
[2025-03-31 22:56:08] ERROR [user-service] Недостаточно прав доступа
[2025-03-31 22:56:10] WARNING [user-service] Повторная попытка операции
[2025-03-31 22:56:12] INFO [user-service] Операция выполнена успешно
[2025-03-31 22:56:14] ERROR [auth-service] Недостаточно прав доступа
[2025-03-31 22:56:16] WARNING [payment-service] Ресурс близок к исчерпанию
[2025-03-31 22:56:18] ERROR [auth-service] Сбой аутентификации
[2025-03-31 22:56:20] INFO [user-service] Пользователь вошел в систему
[2025-03-31 22:56:22] ERROR [auth-service] Ошибка соединения с БД
[2025-03-31 22:56:24] INFO [user-service] Операция выполнена успешно
[2025-03-31 22:56:26] ERROR [user-service] Ошибка соединения с БД
[2025-03-31 22:56:28] WARNING [auth-service] Повторная попытка операции
[2025-03-31 22:56:30] ERROR [payment-service] Недостаточно прав доступа
[2025-03-31 22:56:32] ERROR [user-service] Недостаточно прав доступа
[2025-03-31 22:56:34] INFO [payment-service] Запрос обработан
[2025-03-31 22:56:36] ERROR [payment-service] Сбой аутентификации
[2025-03-31 22:56:38] ERROR [payment-service] Недостаточно прав доступа
[2025-03-31 22:56:40] INFO [user-service] Операция выполнена успешно
[2025-03-31 22:56:42] WARNING [user-service] Медленный ответ от БД
[2025-03-31 22:56:44] WARNING [auth-service] Ресурс близок к исчерпанию
[2025-03-31 22:56:46] ERROR [user-service] Ошибка соединения с БД
[2025-03-31 22:56:48] WARNING [payment-service] Ресурс близок к исчерпанию
[2025-03-31 22:56:50] ERROR [auth-service] Ошибка соединения с БД
[2025-03-31 22:56:52] ERROR [auth-service] Ошибка соединения с БД
[2025-03-31 22:56:54] INFO [payment-service] Пользователь вошел в систему
[2025-03-31 22:56:56] ERROR [user-service] Сбой аутентификации
[2025-03-31 22:56:58] INFO [payment-service] Запрос обработан
[2025-03-31 22:57:00] WARNING [payment-service] Повторная попытка операции
[2025-03-31 22:57:02] WARNING [auth-service] Медленный ответ от БД
[2025-03-31 22:57:04] INFO [auth-service] Операция выполнена успешно
[2025-03-31 22:57:06] INFO [auth-service] Пользователь вошел в систему
[2025-03-31 22:57:08] WARNING [payment-service] Медленный ответ от БД
[2025-03-31 22:57:10] ERROR [user-service] Недостаточно прав доступа
[2025-03-31 22:57:12] INFO [auth-service] Запрос обработан
[2025-03-31 22:57:14] INFO [user-service] Запрос обработан
[2025-03-31 22:57:16] ERROR [auth-service] Сбой аутентификации
[2025-03-31 22:57:18] ERROR [payment-service] Недостаточно прав доступа
[2025-03-31 22:57:20] INFO [user-service] Операция выполнена успешно
[2025-03-31 22:57:22] ERROR [auth-service] Ошибка соединения с БД
[2025-03-31 22:57:24] INFO [payment-service] Пользователь вошел в систему
[2025-03-31 22:57:26] ERROR [user-service] Недостаточно прав доступа
[2025-03-31 22:57:28] ERROR [payment-service] Недостаточно прав доступа
[2025-03-31 22:57:30] ERROR [user-service] Недостаточно прав доступа
[2025-03-31 22:57:32] WARNING [payment-service] Ресурс близок к исчерпанию
[2025-03-31 22:57:34] ERROR [payment-service] Сбой аутентификации
[2025-03-31 22:57:36] INFO [payment-service] Пользователь вошел в систему
[2025-03-31 22:57:38] INFO [auth-service] Пользователь вошел в систему
[2025-03-31 22:57:40] WARNING [user-service] Ресурс близок к исчерпанию
[2025-03-31 22:57:42] WARNING [auth-service] Повторная попытка операции
[2025-03-31 22:57:44] WARNING [user-service] Ресурс близок к исчерпанию
[2025-03-31 22:57:46] ERROR [auth-service] Сбой аутентификации
[2025-03-31 22:57:48] WARNING [auth-service] Повторная попытка операции
[2025-03-31 22:57:50] WARNING [auth-service] Медленный ответ от БД
[2025-03-31 22:57:52] ERROR [payment-service] Ошибка соединения с БД
[2025-03-31 22:57:54] ERROR [user-service] Ошибка соединения с БД
[2025-03-31 22:57:56] WARNING [payment-service] Повторная попытка операции
[2025-03-31 22:57:58] ERROR [user-service] Сбой аутентификации
[2025-03-31 22:58:00] ERROR [auth-service] Ошибка соединения с БД
[2025-03-31 22:58:02] WARNING [user-service] Повторная попытка операции
[2025-03-31 22:58:04] WARNING [payment-service] Медленный ответ от БД
[2025-03-31 22:58:06] INFO [payment-service] Запрос обработан
[2025-03-31 22:58:08] WARNING [auth-service] Медленный ответ от БД
[2025-03-31 22:58:10] INFO [payment-service] Запрос обработан
[2025-03-31 22:58:12] INFO [user-service] Запрос обработан
[2025-03-31 22:58:14] ERROR [auth-service] Ошибка соединения с БД
[2025-03-31 22:58:16] WARNING [user-service] Повторная попытка операции
[2025-03-31 22:58:18] WARNING [payment-service] Повторная попытка операции
[2025-03-31 22:58:20] WARNING [auth-service] Медленный ответ от БД
[2025-03-31 22:58:22] WARNING [user-service] Ресурс близок к исчерпанию
[2025-03-31 22:58:24] WARNING [payment-service] Ресурс близок к исчерпанию
[2025-03-31 22:58:26] INFO [payment-service] Запрос обработан
[2025-03-31 22:58:28] INFO [payment-service] Запрос обработан
[2025-03-31 22:58:30] WARNING [auth-service] Медленный ответ от БД
[2025-03-31 22:58:38] ERROR [payment-service] Ошибка соединения с БД
